<?xml version="1.0" encoding="UTF-8"?>
<!-- Generated by org.testng.reporters.JUnitXMLReporter -->
<testsuite hostname="DESKTOP-HUOROU4" name="Tools QA" tests="12" failures="0" timestamp="15 Mar 2017 08:20:16 GMT" time="226.867" errors="0">
  <testcase name="main" time="2.806" classname="login.Login"/>
  <testcase name="main" time="20.467" classname="login.LogOutFromAllOtherPages"/>
  <testcase name="main" time="8.757" classname="login.RememberUser"/>
  <testcase name="main" time="14.361" classname="profile.PersonalDataChange"/>
  <testcase name="main" time="3.576" classname="profile.ScreenLock"/>
  <testcase name="main" time="5.121" classname="people.PrivatePerson"/>
  <testcase name="main" time="10.236" classname="transactions.Sale"/>
  <testcase name="main" time="20.633" classname="transactions.Purchase"/>
  <testcase name="main" time="13.883" classname="goods.AddProduct"/>
  <testcase name="main" time="17.296" classname="goods.AddCategory"/>
  <testcase name="main" time="12.858" classname="salesPlaces.addTable"/>
  <testcase name="main" time="6.384" classname="salesPlaces.countProductsAndPersonal"/>
</testsuite> <!-- Tools QA -->
