<?xml version="1.0" encoding="UTF-8"?>
<!-- Generated by org.testng.reporters.JUnitXMLReporter -->
<testsuite hostname="DESKTOP-HUOROU4" name="ChromeTest" tests="20" failures="0" timestamp="16 May 2017 08:25:36 GMT" time="554.073" errors="0">
  <testcase name="main" time="1.064" classname="login.Login"/>
  <testcase name="main" time="8.557" classname="login.RememberUser"/>
  <testcase name="main" time="5.683" classname="profile.PersonalDataChange"/>
  <testcase name="main" time="1.024" classname="profile.ScreenLock"/>
  <testcase name="main" time="5.684" classname="people.PrivatePerson"/>
  <testcase name="main" time="8.024" classname="transactions.Sale"/>
  <testcase name="main" time="33.442" classname="transactions.Purchase"/>
  <testcase name="main" time="36.985" classname="goods.AddProduct"/>
  <testcase name="main" time="25.043" classname="goods.AddCategory"/>
  <testcase name="main" time="9.401" classname="salesPlaces.AddTable"/>
  <testcase name="main" time="4.781" classname="salesPlaces.CountProductsAndPersonal"/>
  <testcase name="main" time="78.024" classname="desktop.AddProductToCassa"/>
  <testcase name="main" time="10.672" classname="desktop.AddCommentary"/>
  <testcase name="test" time="9.054" classname="kitchen.KitchenOrder"/>
  <testcase name="main" time="4.843" classname="desktop.EmptyCheckOutError"/>
  <testcase name="main" time="3.839" classname="desktop.ScreenLockCassa"/>
  <testcase name="main" time="14.343" classname="desktop.ProductDiscount"/>
  <testcase name="main" time="9.984" classname="cash.AddCashToCassa"/>
  <testcase name="main" time="48.81" classname="desktop.TwoTablesAtOncePlusSalesDay"/>
  <testcase name="test" time="48.936" classname="desktop.TwoEmployeesAtOnce"/>
</testsuite> <!-- ChromeTest -->
